<?xml version="1.0" encoding="UTF-8"?>
<!-- Generated by org.testng.reporters.JUnitReportReporter -->
<testsuite hostname="Sirazhutdins-MacBook-Pro.local" failures="0" tests="3" name="com.psiexams.businessscriptsORtestcases.RegisterForATest" time="-1612141568.000" errors="1" timestamp="2021-01-31T20:06:51 EST" skipped="2">
  <testcase classname="com.psiexams.businessscriptsORtestcases.RegisterForATest" name="launchApp" time="-1612141568.000">
    <error message="
Parameter &#039;browser&#039; is required by BeforeTest on method launchApp but has not been marked @Optional or defined
in /Users/sirazhutdinmingazhev/eclipse-workspace/MortgageCalculator/testng.xml" type="org.testng.TestNGException">
      <![CDATA[org.testng.TestNGException: 
Parameter 'browser' is required by BeforeTest on method launchApp but has not been marked @Optional or defined
in /Users/sirazhutdinmingazhev/eclipse-workspace/MortgageCalculator/testng.xml
at org.testng.internal.Parameters.createParams(Parameters.java:268)
at org.testng.internal.Parameters.createParametersForMethod(Parameters.java:356)
at org.testng.internal.Parameters.createParameters(Parameters.java:700)
at org.testng.internal.Parameters.createConfigurationParameters(Parameters.java:166)
at org.testng.internal.ConfigInvoker.invokeConfigurations(ConfigInvoker.java:301)
at org.testng.TestRunner.invokeTestConfigurations(TestRunner.java:617)
at org.testng.TestRunner.beforeRun(TestRunner.java:607)
at org.testng.TestRunner.run(TestRunner.java:578)
at org.testng.SuiteRunner.runTest(SuiteRunner.java:384)
at org.testng.SuiteRunner.runSequentially(SuiteRunner.java:378)
at org.testng.SuiteRunner.privateRun(SuiteRunner.java:337)
at org.testng.SuiteRunner.run(SuiteRunner.java:286)
at org.testng.SuiteRunnerWorker.runSuite(SuiteRunnerWorker.java:53)
at org.testng.SuiteRunnerWorker.run(SuiteRunnerWorker.java:96)
at org.testng.TestNG.runSuitesSequentially(TestNG.java:1218)
at org.testng.TestNG.runSuitesLocally(TestNG.java:1140)
at org.testng.TestNG.runSuites(TestNG.java:1069)
at org.testng.TestNG.run(TestNG.java:1037)
at org.testng.remote.AbstractRemoteTestNG.run(AbstractRemoteTestNG.java:115)
at org.testng.remote.RemoteTestNG.initAndRun(RemoteTestNG.java:251)
at org.testng.remote.RemoteTestNG.main(RemoteTestNG.java:77)
]]>
    </error>
  </testcase> <!-- launchApp -->
  <system-out/>
  <testcase classname="com.psiexams.businessscriptsORtestcases.RegisterForATest" name="registerforATest" time="0.000">
    <skipped/>
  </testcase> <!-- registerforATest -->
  <system-out/>
  <testcase classname="com.psiexams.businessscriptsORtestcases.RegisterForATest" name="examinationTestDates" time="0.000">
    <skipped/>
  </testcase> <!-- examinationTestDates -->
  <system-out/>
</testsuite> <!-- com.psiexams.businessscriptsORtestcases.RegisterForATest -->
