<?xml version="1.0" encoding="UTF-8"?>
<!-- Generated by org.testng.reporters.JUnitXMLReporter -->
<testsuite ignored="2" hostname="Sirazhutdins-MacBook-Pro.local" failures="0" tests="6" name="Test" time="0.098" errors="0" timestamp="2021-01-31T20:06:51 EST">
  <testcase classname="com.psiexams.reusableseleniumscripts.ReusableTestNGSelenium" name="@BeforeTest launchApp" time="-1.612141606487E9">
    <failure type="org.testng.TestNGException" message="
Parameter &amp;apos;browser&amp;apos; is required by BeforeTest on method launchApp but has not been marked @Optional or defined
in /Users/sirazhutdinmingazhev/eclipse-workspace/MortgageCalculator/testng.xml">
      <![CDATA[org.testng.TestNGException: 
Parameter 'browser' is required by BeforeTest on method launchApp but has not been marked @Optional or defined
in /Users/sirazhutdinmingazhev/eclipse-workspace/MortgageCalculator/testng.xml
... Removed 21 stack frames]]>
    </failure>
  </testcase> <!-- @BeforeTest launchApp -->
  <testcase classname="com.psiexams.businessscriptsORtestcases.RegisterForATest" name="@BeforeClass clicki_on_RegisterForAnExamination_link" time="-1.612141606528E9">
    <skipped/>
  </testcase> <!-- @BeforeClass clicki_on_RegisterForAnExamination_link -->
  <testcase classname="com.psiexams.businessscriptsORtestcases.CreateAnAccount" name="@BeforeClass clicki_on_CreateAnAccount_link" time="-1.612141606555E9">
    <skipped/>
  </testcase> <!-- @BeforeClass clicki_on_CreateAnAccount_link -->
  <testcase classname="com.psiexams.reusableseleniumscripts.ReusableTestNGSelenium" name="@AfterTest quitapp" time="-1.612141606573E9">
    <skipped/>
  </testcase> <!-- @AfterTest quitapp -->
  <testcase classname="com.psiexams.businessscriptsORtestcases.RegisterForATest" name="registerforATest" time="0.0">
    <skipped/>
  </testcase> <!-- registerforATest -->
  <testcase classname="com.psiexams.businessscriptsORtestcases.RegisterForATest" name="examinationTestDates" time="0.0">
    <skipped/>
  </testcase> <!-- examinationTestDates -->
  <testcase classname="com.psiexams.businessscriptsORtestcases.CreateAnAccount" name="emailAddressErrorMessage" time="0.0">
    <skipped/>
  </testcase> <!-- emailAddressErrorMessage -->
  <testcase classname="com.psiexams.businessscriptsORtestcases.CreateAnAccount" name="verifyingErrorMessageForMissingMandatoryFields" time="0.0">
    <skipped/>
  </testcase> <!-- verifyingErrorMessageForMissingMandatoryFields -->
  <testcase classname="com.psiexams.businessscriptsORtestcases.CreateAnAccount" name="verifyingPasswordNotMatchedErrorMessage" time="0.0">
    <skipped/>
  </testcase> <!-- verifyingPasswordNotMatchedErrorMessage -->
  <testcase classname="com.psiexams.businessscriptsORtestcases.CreateAnAccount" name="verifyingEmailAlreadyExistsErrorMessage" time="0.0">
    <skipped/>
  </testcase> <!-- verifyingEmailAlreadyExistsErrorMessage -->
  <testcase classname="com.psiexams.reusableseleniumscripts.ReusableTestNGSelenium" name="@BeforeTest launchApp" time="0.0">
    <ignored/>
  </testcase> <!-- @BeforeTest launchApp -->
  <testcase classname="com.psiexams.reusableseleniumscripts.ReusableTestNGSelenium" name="@AfterTest quitapp" time="0.0">
    <ignored/>
  </testcase> <!-- @AfterTest quitapp -->
</testsuite> <!-- Test -->
